SF:lib/core/cache/cache_provider.dart
DA:5,8
DA:6,7
DA:8,29
DA:9,8
LF:4
LH:4
end_of_record
SF:lib/core/locale/locale_provider.dart
DA:7,9
DA:12,3
DA:13,9
DA:15,3
DA:17,3
DA:21,3
DA:24,6
DA:26,6
DA:27,4
DA:31,2
DA:32,2
DA:33,6
LF:12
LH:12
end_of_record
SF:lib/core/api/language_interceptor.dart
DA:7,2
DA:9,1
DA:11,4
DA:12,1
LF:4
LH:4
end_of_record
SF:lib/core/api/token_interceptor.dart
DA:8,2
DA:10,1
DA:15,2
DA:17,3
DA:19,1
LF:5
LH:5
end_of_record
SF:lib/core/cache/secure_cache_helper.dart
DA:8,5
DA:11,1
DA:12,2
DA:15,1
DA:16,3
DA:17,3
DA:21,1
DA:22,2
DA:25,1
DA:26,2
DA:29,5
DA:33,10
DA:35,1
DA:40,1
DA:42,2
DA:43,2
DA:45,3
DA:46,6
DA:52,1
DA:56,2
DA:58,1
DA:63,1
DA:68,1
DA:69,2
DA:71,1
DA:75,1
DA:79,1
DA:80,1
DA:82,1
DA:84,1
DA:89,1
DA:91,1
DA:93,1
DA:94,2
DA:96,1
LF:35
LH:35
end_of_record
SF:lib/core/errors/base.dart
DA:9,12
DA:11,1
DA:12,2
DA:14,1
DA:17,1
DA:18,1
DA:23,9
DA:29,5
DA:34,1
DA:39,1
LF:10
LH:10
end_of_record
SF:lib/features/auth/data/models/auth_response_model.dart
DA:4,9
DA:10,1
DA:11,1
DA:12,1
DA:13,1
DA:14,1
LF:6
LH:6
end_of_record
SF:lib/features/auth/domain/entities/auth_response_entity.dart
DA:8,9
DA:14,1
DA:15,4
LF:3
LH:3
end_of_record
SF:lib/features/auth/domain/usecases/forget_password_usecase.dart
DA:9,1
DA:11,1
DA:13,2
LF:3
LH:3
end_of_record
SF:lib/features/auth/domain/usecases/login_usecase.dart
DA:10,1
DA:11,1
DA:13,4
DA:21,2
LF:4
LH:4
end_of_record
SF:lib/features/auth/domain/usecases/reset_password_usecase.dart
DA:11,1
DA:12,1
DA:14,4
DA:22,2
LF:4
LH:4
end_of_record
SF:lib/features/auth/domain/usecases/signup_usecase.dart
DA:10,1
DA:12,1
DA:14,5
DA:23,2
LF:4
LH:4
end_of_record
SF:lib/core/usecases/usecase.dart
DA:9,0
LF:1
LH:0
end_of_record
SF:lib/core/api/api_provider.g.dart
DA:9,1
DA:13,6
DA:25,1
DA:29,6
LF:4
LH:4
end_of_record
SF:lib/core/api/api_provider.dart
DA:15,1
DA:17,1
DA:18,1
DA:19,2
DA:20,0
DA:23,3
DA:24,1
DA:32,3
DA:33,3
DA:38,1
DA:40,3
LF:11
LH:10
end_of_record
SF:lib/core/api/dio_api_helper.dart
DA:10,2
DA:12,1
DA:14,1
DA:17,1
DA:20,1
DA:21,1
DA:23,1
DA:26,2
DA:31,1
DA:33,1
DA:34,4
DA:38,1
DA:44,1
DA:45,4
DA:49,1
DA:55,1
DA:56,4
DA:60,1
DA:62,1
DA:63,4
DA:68,1
DA:69,3
DA:70,3
DA:71,1
DA:73,2
DA:74,2
DA:75,1
DA:76,1
DA:81,1
DA:83,1
DA:84,1
DA:87,1
DA:90,1
DA:93,1
DA:95,5
DA:97,1
DA:104,1
DA:106,2
LF:38
LH:38
end_of_record
SF:lib/features/auth/data/repositories/auth_repository_impl.dart
DA:10,1
DA:11,1
DA:17,2
DA:18,1
DA:19,1
DA:20,1
DA:22,3
DA:26,1
DA:31,2
DA:32,1
DA:33,1
DA:34,1
DA:36,3
DA:40,1
DA:47,2
DA:48,1
DA:49,1
DA:50,1
DA:52,3
DA:56,1
DA:59,2
DA:60,1
DA:61,1
DA:62,1
DA:64,3
DA:68,1
DA:71,2
DA:72,1
DA:73,1
DA:74,1
DA:76,3
DA:80,1
DA:86,2
DA:87,1
DA:88,1
DA:89,1
DA:91,3
LF:37
LH:37
end_of_record
SF:lib/features/auth/data/datasource/auth_remote_datasource.dart
DA:11,1
DA:13,1
DA:15,2
DA:17,1
DA:19,3
DA:20,1
DA:25,1
DA:27,2
DA:29,1
DA:31,3
DA:32,1
DA:37,1
DA:43,2
DA:45,1
DA:47,3
DA:48,1
DA:53,1
DA:55,3
DA:58,1
DA:60,2
DA:62,1
DA:64,3
DA:68,1
DA:70,2
DA:72,1
DA:74,3
DA:75,1
DA:80,1
DA:81,2
DA:82,2
DA:83,2
DA:84,3
DA:85,3
DA:86,2
DA:88,1
LF:35
LH:35
end_of_record
SF:lib/features/auth/presentation/pages/auth_options_page.dart
DA:15,1
DA:17,1
DA:19,1
DA:20,1
DA:21,1
DA:22,2
DA:24,1
DA:27,1
DA:28,2
DA:30,2
DA:32,1
DA:34,1
DA:35,2
DA:36,1
DA:38,1
DA:39,2
DA:40,2
DA:44,1
DA:47,1
DA:48,1
DA:49,2
DA:50,1
DA:53,2
DA:56,2
DA:57,1
DA:59,1
DA:60,1
DA:61,2
DA:62,2
DA:63,1
DA:64,2
DA:65,3
DA:67,0
DA:73,1
DA:74,1
DA:75,1
DA:76,1
DA:78,1
DA:80,1
LF:39
LH:38
end_of_record
SF:lib/features/auth/presentation/widgets/password_less_login/login_options.dart
DA:17,2
DA:19,2
DA:21,6
DA:22,4
DA:23,4
DA:24,0
DA:25,0
DA:28,2
DA:29,2
DA:31,4
DA:32,2
DA:33,0
DA:35,0
DA:36,0
DA:37,0
DA:39,0
DA:40,0
DA:42,0
DA:43,0
DA:44,0
DA:47,0
DA:48,0
DA:50,0
DA:51,0
DA:52,0
DA:57,0
DA:59,0
DA:60,4
DA:62,2
DA:63,1
DA:64,2
DA:65,2
DA:66,1
DA:68,0
LF:34
LH:15
end_of_record
SF:lib/features/auth/presentation/widgets/or_divider.dart
DA:7,1
DA:9,1
DA:11,1
DA:12,1
DA:13,4
DA:14,1
DA:15,1
DA:16,1
DA:17,1
DA:19,3
DA:21,4
LF:11
LH:11
end_of_record
SF:lib/shared/widgets/app_button.dart
DA:20,9
DA:37,9
DA:39,9
DA:40,9
DA:41,9
DA:43,21
DA:44,9
DA:45,9
DA:46,27
DA:47,25
DA:48,25
DA:49,9
DA:50,25
DA:52,9
DA:53,9
DA:54,25
DA:56,9
DA:57,9
DA:58,9
DA:59,36
DA:61,9
DA:62,17
DA:64,9
DA:65,4
DA:66,4
DA:67,4
DA:68,4
DA:69,4
DA:70,12
DA:75,9
LF:30
LH:30
end_of_record
SF:lib/shared/widgets/change_lang/change_lang_button.dart
DA:8,5
DA:10,5
DA:12,5
DA:14,5
DA:15,5
DA:17,15
DA:18,2
LF:7
LH:7
end_of_record
SF:lib/core/responsive/responsive_builder.dart
DA:7,10
DA:12,30
DA:15,10
DA:17,10
DA:18,20
DA:19,30
DA:21,10
LF:7
LH:7
end_of_record
SF:lib/core/theme/light.dart
DA:6,10
DA:7,10
DA:25,20
DA:27,30
DA:28,10
DA:29,10
DA:31,10
LF:7
LH:7
end_of_record
SF:lib/gen/l10n/app_localizations.dart
DA:65,30
DA:69,9
DA:70,9
DA:574,16
DA:576,10
DA:578,20
DA:581,10
DA:582,30
DA:584,0
DA:588,10
DA:592,10
DA:593,11
DA:594,20
DA:597,0
LF:14
LH:12
end_of_record
SF:lib/shared/entities/user_entity.dart
DA:8,2
DA:10,1
DA:11,4
LF:3
LH:3
end_of_record
SF:lib/shared/models/user_model.dart
DA:4,1
DA:10,1
DA:11,1
DA:12,2
DA:13,1
DA:14,1
DA:18,1
DA:19,4
LF:8
LH:8
end_of_record
SF:lib/config/extensions.dart
DA:5,2
DA:6,8
DA:8,3
DA:9,1
DA:10,1
DA:11,1
DA:13,1
DA:14,1
DA:16,1
DA:17,1
DA:19,1
DA:20,1
DA:22,1
DA:23,1
DA:25,1
DA:26,1
DA:28,1
DA:29,1
DA:31,1
DA:32,1
DA:34,1
DA:35,1
DA:37,1
DA:38,1
DA:41,2
LF:25
LH:25
end_of_record
SF:lib/core/locale/locale_extensions.dart
DA:5,18
LF:1
LH:1
end_of_record
SF:lib/config/router/routes.dart
DA:20,3
DA:21,0
DA:25,0
DA:26,0
DA:27,0
DA:30,0
DA:31,0
DA:39,0
DA:41,0
DA:43,0
DA:51,2
DA:53,0
DA:55,0
DA:67,0
DA:69,0
DA:75,0
DA:81,0
DA:83,0
DA:89,0
DA:91,0
DA:97,0
DA:99,0
DA:106,0
DA:107,0
DA:109,0
DA:110,0
DA:120,0
DA:121,0
DA:123,0
DA:124,0
DA:139,0
DA:145,0
DA:146,0
DA:153,0
DA:155,0
DA:160,0
DA:162,0
DA:167,0
DA:169,0
DA:174,0
DA:176,0
DA:182,0
DA:184,0
LF:43
LH:2
end_of_record
SF:lib/config/router/routes.g.dart
DA:9,0
DA:10,0
DA:11,0
DA:12,0
DA:13,0
DA:14,0
DA:15,0
DA:16,0
DA:17,0
DA:20,0
DA:26,0
DA:28,0
DA:32,0
DA:34,0
DA:36,0
DA:37,0
DA:39,0
DA:42,0
DA:48,0
DA:49,0
DA:52,4
DA:54,2
DA:55,2
DA:59,0
DA:61,0
DA:63,0
DA:64,0
DA:66,0
DA:69,0
DA:70,0
DA:72,0
DA:73,0
DA:77,0
DA:85,0
DA:86,0
DA:90,0
DA:92,0
DA:96,0
DA:98,0
DA:100,0
DA:101,0
DA:103,0
DA:107,0
DA:109,0
DA:113,0
DA:115,0
DA:117,0
DA:118,0
DA:120,0
DA:123,0
DA:129,0
DA:130,0
DA:132,0
DA:136,0
DA:138,0
DA:140,0
DA:141,0
DA:143,0
DA:146,0
DA:152,0
DA:153,0
DA:156,0
DA:158,0
DA:159,0
DA:163,0
DA:165,0
DA:167,0
DA:168,0
DA:170,0
DA:173,0
DA:179,0
DA:180,0
DA:181,0
DA:184,0
DA:186,0
DA:187,0
DA:191,0
DA:193,0
DA:195,0
DA:196,0
DA:198,0
DA:201,0
DA:203,0
DA:204,0
DA:208,0
DA:212,0
DA:216,0
DA:224,0
DA:228,0
DA:230,0
DA:234,0
DA:236,0
DA:238,0
DA:239,0
DA:241,0
DA:245,0
DA:247,0
DA:251,0
DA:253,0
DA:255,0
DA:256,0
DA:258,0
DA:262,0
DA:264,0
DA:268,0
DA:270,0
DA:272,0
DA:273,0
DA:275,0
DA:279,0
DA:281,0
DA:285,0
DA:287,0
DA:289,0
DA:290,0
DA:292,0
DA:295,0
DA:301,0
DA:303,0
DA:307,0
DA:309,0
DA:311,0
DA:312,0
DA:314,0
LF:124
LH:3
end_of_record
SF:lib/features/auth/presentation/pages/auth_page.dart
DA:12,0
DA:14,0
DA:16,0
DA:17,0
DA:18,0
DA:21,0
DA:22,0
DA:23,0
DA:24,0
DA:27,0
DA:30,0
DA:34,0
DA:35,0
DA:36,0
DA:37,0
DA:38,0
DA:40,0
DA:41,0
DA:42,0
DA:43,0
DA:44,0
DA:45,0
DA:46,0
DA:49,0
DA:50,0
DA:51,0
DA:52,0
DA:53,0
DA:54,0
DA:57,0
DA:58,0
DA:59,0
DA:60,0
DA:61,0
DA:67,0
LF:35
LH:0
end_of_record
SF:lib/features/auth/presentation/pages/confirm_otp_page.dart
DA:18,1
DA:20,1
DA:22,3
DA:23,2
DA:24,2
DA:25,0
DA:26,0
DA:28,0
DA:29,0
DA:33,1
DA:34,2
DA:36,1
DA:37,2
DA:38,1
DA:39,2
DA:40,1
DA:41,1
DA:43,1
DA:44,1
DA:45,2
DA:46,1
DA:48,2
DA:49,1
DA:50,2
DA:51,1
DA:53,2
DA:54,1
DA:56,1
DA:57,1
DA:62,2
DA:63,1
DA:65,1
DA:66,0
DA:67,0
DA:68,0
DA:70,0
DA:71,0
DA:73,0
DA:78,0
DA:79,0
DA:80,0
DA:82,0
DA:83,0
DA:84,0
DA:85,0
DA:86,0
DA:97,2
DA:98,3
DA:99,3
DA:101,2
DA:103,1
DA:104,1
DA:105,1
DA:107,2
DA:109,1
DA:110,2
DA:111,1
DA:112,2
DA:115,2
DA:120,0
DA:121,2
DA:124,2
DA:125,1
DA:126,1
DA:127,2
DA:128,0
DA:129,1
DA:130,2
DA:131,1
DA:134,1
DA:135,1
LF:71
LH:51
end_of_record
SF:lib/features/auth/presentation/pages/forget_password_page.dart
DA:16,1
DA:18,1
DA:20,3
DA:21,2
DA:22,3
DA:23,1
DA:24,1
DA:27,0
DA:28,0
DA:29,0
DA:32,1
DA:33,2
DA:35,1
DA:36,2
DA:37,1
DA:38,2
DA:39,1
DA:40,1
DA:42,1
DA:43,1
DA:44,2
DA:45,1
DA:47,2
DA:48,1
DA:49,2
DA:50,1
DA:52,2
DA:53,1
DA:54,2
DA:55,2
DA:56,5
DA:57,3
DA:59,2
DA:61,4
DA:63,2
DA:64,1
DA:65,1
DA:66,1
DA:67,2
DA:69,1
DA:70,1
DA:71,2
DA:72,1
LF:43
LH:40
end_of_record
SF:lib/features/auth/presentation/pages/login_page.dart
DA:16,1
DA:18,1
DA:20,3
DA:21,2
DA:22,3
DA:23,1
DA:24,1
DA:28,1
DA:29,1
DA:30,2
DA:31,1
DA:32,1
DA:33,2
DA:34,1
DA:35,1
DA:36,1
DA:37,1
DA:38,1
DA:39,2
DA:40,2
DA:41,2
DA:42,5
DA:43,3
DA:46,2
DA:47,1
DA:48,1
DA:49,2
DA:50,2
DA:51,1
DA:53,2
DA:54,5
DA:55,3
DA:58,2
DA:59,1
DA:61,1
DA:62,0
DA:63,1
DA:64,2
DA:65,1
DA:67,2
DA:73,2
DA:74,1
DA:75,1
DA:76,2
DA:77,2
DA:78,1
DA:79,1
DA:80,2
DA:81,1
DA:84,2
DA:85,1
LF:51
LH:50
end_of_record
SF:lib/features/auth/presentation/pages/reset_password_page.dart
DA:20,1
DA:22,1
DA:24,3
DA:25,2
DA:26,3
DA:27,1
DA:28,1
DA:31,2
DA:33,1
DA:34,3
DA:35,3
DA:36,1
DA:38,2
DA:39,1
DA:40,1
DA:41,3
DA:42,0
DA:45,1
DA:46,1
DA:48,2
DA:49,1
DA:50,1
DA:51,3
DA:52,0
DA:57,1
DA:58,2
DA:60,1
DA:61,2
DA:62,1
DA:63,2
DA:64,1
DA:65,1
DA:67,1
DA:68,1
DA:69,2
DA:70,1
DA:72,2
DA:73,1
DA:74,2
DA:75,1
DA:77,2
DA:78,1
DA:79,2
DA:80,2
DA:81,4
DA:84,1
DA:85,2
DA:86,1
DA:87,2
DA:88,5
DA:89,3
DA:92,1
DA:93,2
DA:94,1
DA:95,1
DA:96,1
DA:98,2
DA:99,4
DA:101,1
DA:102,1
DA:103,4
DA:105,1
DA:106,3
DA:107,2
DA:112,2
DA:113,1
DA:114,1
DA:115,2
DA:116,1
DA:117,3
DA:118,1
DA:119,2
DA:120,1
LF:73
LH:71
end_of_record
SF:lib/features/auth/presentation/pages/signup_page.dart
DA:17,1
DA:19,1
DA:21,3
DA:22,2
DA:23,3
DA:24,1
DA:25,1
DA:28,2
DA:32,1
DA:33,1
DA:34,2
DA:35,1
DA:36,1
DA:37,2
DA:38,1
DA:39,1
DA:40,1
DA:41,1
DA:42,1
DA:43,1
DA:44,1
DA:45,1
DA:46,1
DA:48,2
DA:49,2
DA:50,3
DA:52,2
DA:53,5
DA:57,2
DA:58,1
DA:59,1
DA:60,1
DA:61,2
DA:62,2
DA:63,2
DA:64,3
DA:66,2
DA:67,5
DA:73,2
DA:74,1
DA:75,1
DA:76,2
DA:77,2
DA:78,5
DA:79,2
DA:80,5
DA:81,3
DA:84,2
DA:85,1
DA:86,1
DA:87,2
DA:88,2
DA:90,5
DA:91,1
DA:93,3
DA:94,1
DA:96,2
DA:97,5
DA:100,1
DA:101,2
DA:102,1
DA:103,1
DA:104,1
DA:105,1
DA:107,2
DA:108,5
DA:111,1
DA:112,1
DA:113,0
DA:115,1
DA:116,3
DA:117,0
DA:122,2
DA:123,1
DA:124,2
DA:125,1
DA:126,1
DA:127,1
DA:128,2
DA:129,1
LF:80
LH:78
end_of_record
SF:lib/features/home/presentation/pages/home_page.dart
DA:13,0
DA:15,0
DA:17,0
DA:18,0
DA:19,0
DA:20,0
DA:22,0
DA:23,0
DA:25,0
DA:26,0
DA:27,0
DA:28,0
DA:29,0
DA:30,0
DA:31,0
DA:33,0
DA:34,0
DA:35,0
DA:36,0
DA:37,0
DA:38,0
DA:39,0
DA:40,0
DA:42,0
DA:43,0
DA:44,0
DA:45,0
DA:46,0
DA:48,0
DA:54,0
DA:55,0
DA:57,0
DA:61,0
DA:62,0
DA:63,0
DA:64,0
LF:36
LH:0
end_of_record
SF:lib/features/investments/investments_page.dart
DA:4,0
DA:6,0
DA:8,0
DA:9,0
DA:10,0
LF:5
LH:0
end_of_record
SF:lib/features/profile/profile_page.dart
DA:4,0
DA:6,0
DA:8,0
DA:9,0
DA:10,0
LF:5
LH:0
end_of_record
SF:lib/features/search/presentation/pages/search_page.dart
DA:11,0
DA:13,0
DA:15,0
DA:16,0
DA:17,0
DA:18,0
DA:19,0
DA:20,0
DA:21,0
DA:22,0
DA:23,0
DA:25,0
DA:26,0
DA:27,0
DA:28,0
DA:29,0
DA:30,0
DA:32,0
DA:33,0
DA:36,0
DA:37,0
DA:38,0
DA:39,0
DA:40,0
DA:42,0
DA:43,0
DA:47,0
DA:48,0
DA:49,0
DA:50,0
DA:54,0
DA:55,0
DA:57,0
DA:58,0
LF:34
LH:0
end_of_record
SF:lib/features/settings/settings_screen.dart
DA:12,0
DA:14,0
DA:16,0
DA:17,0
DA:18,0
DA:19,0
DA:20,0
DA:22,0
DA:23,0
DA:24,0
DA:25,0
DA:26,0
DA:32,0
DA:33,0
DA:34,0
DA:35,0
DA:36,0
DA:37,0
DA:38,0
DA:39,0
DA:41,0
DA:42,0
DA:44,0
DA:45,0
DA:46,0
DA:48,0
DA:53,0
DA:54,0
DA:55,0
DA:56,0
DA:57,0
DA:58,0
DA:59,0
DA:61,0
DA:62,0
DA:63,0
DA:65,0
DA:66,0
DA:68,0
DA:69,0
DA:70,0
DA:71,0
LF:42
LH:0
end_of_record
SF:lib/features/splash/presentation/page/splash_page.dart
DA:9,16
DA:11,0
DA:12,0
DA:20,0
DA:22,0
DA:23,0
DA:26,0
DA:28,0
DA:31,0
DA:34,0
DA:36,0
DA:37,0
DA:38,0
DA:41,0
DA:43,0
DA:44,0
DA:47,0
DA:49,0
DA:50,0
DA:51,0
DA:52,0
DA:55,0
DA:57,0
DA:58,0
DA:59,0
DA:60,0
LF:26
LH:1
end_of_record
SF:lib/shared/widgets/screen_with_navbar.dart
DA:6,0
DA:8,0
DA:10,0
DA:11,0
DA:12,0
DA:13,0
DA:14,0
LF:7
LH:0
end_of_record
SF:lib/core/responsive/responsive_size.dart
DA:4,30
DA:6,20
DA:8,10
DA:12,10
DA:13,10
DA:16,9
DA:17,63
DA:19,9
DA:20,63
DA:22,10
DA:24,60
DA:26,60
DA:27,20
LF:13
LH:13
end_of_record
SF:lib/core/responsive/responsive_extensions.dart
DA:5,27
DA:6,27
LF:2
LH:2
end_of_record
SF:lib/core/theme/base.dart
DA:9,10
LF:1
LH:1
end_of_record
SF:lib/core/theme/theme_extension.dart
DA:5,27
LF:1
LH:1
end_of_record
SF:lib/features/auth/domain/usecases/confirm_otp_usecase.dart
DA:9,1
DA:11,1
DA:13,4
DA:21,1
LF:4
LH:4
end_of_record
SF:lib/features/auth/domain/usecases/password_less_login_usecase.dart
DA:10,1
DA:11,1
DA:13,2
LF:3
LH:3
end_of_record
SF:lib/features/auth/presentation/widgets/main_auth_layout.dart
DA:12,3
DA:19,3
DA:21,3
DA:22,3
DA:23,3
DA:24,3
DA:25,3
DA:26,3
DA:27,3
DA:28,3
DA:29,6
DA:30,3
DA:32,3
DA:33,6
DA:34,9
DA:36,3
DA:37,3
DA:38,3
DA:45,3
DA:46,3
DA:47,3
DA:57,3
DA:59,3
DA:60,3
DA:61,3
DA:62,3
DA:64,3
DA:69,6
LF:28
LH:28
end_of_record
SF:lib/features/auth/presentation/providers/confirm_otp/confirm_otp_provider.dart
DA:12,1
DA:14,1
DA:15,3
DA:19,1
DA:21,1
DA:26,0
DA:27,0
DA:29,0
DA:30,0
DA:32,1
DA:34,1
DA:37,0
DA:38,0
DA:39,0
DA:42,0
DA:43,0
DA:44,0
DA:45,0
DA:49,0
DA:50,0
DA:51,0
DA:52,0
DA:55,0
DA:57,0
DA:58,0
DA:63,0
DA:64,0
DA:65,0
DA:66,0
DA:67,0
DA:68,0
DA:70,0
DA:71,0
LF:33
LH:7
end_of_record
SF:lib/features/auth/presentation/providers/confirm_otp/confirm_otp_provider.g.dart
DA:9,1
DA:14,2
DA:15,1
DA:28,1
DA:32,2
DA:33,1
DA:46,1
DA:50,2
DA:51,1
LF:9
LH:9
end_of_record
SF:lib/features/auth/presentation/providers/confirm_otp/confirm_otp_states.dart
DA:10,0
DA:20,0
DA:24,0
LF:3
LH:0
end_of_record
SF:lib/features/auth/presentation/widgets/resend_otp_timer/resend_otp_timer.dart
DA:12,1
DA:18,1
DA:19,1
DA:26,1
DA:28,1
DA:29,1
DA:32,1
DA:33,5
DA:34,2
DA:35,0
DA:36,0
DA:38,0
DA:43,0
DA:44,0
DA:45,0
DA:46,0
DA:50,1
DA:51,1
DA:52,1
DA:53,2
DA:54,3
DA:58,1
DA:60,2
DA:61,1
DA:64,1
DA:66,1
DA:67,1
DA:70,1
DA:71,2
DA:72,1
DA:73,2
DA:74,2
DA:75,0
DA:76,1
DA:77,2
DA:81,2
DA:82,2
DA:83,0
DA:84,0
DA:85,0
DA:86,0
DA:87,0
LF:42
LH:29
end_of_record
SF:lib/features/auth/presentation/providers/forget_password/forget_password_provider.dart
DA:10,1
DA:12,1
DA:13,2
DA:14,1
DA:19,1
DA:21,1
DA:26,1
DA:27,3
DA:29,1
DA:31,1
DA:34,1
DA:35,5
DA:38,2
DA:39,2
DA:40,4
DA:42,1
DA:43,1
DA:44,3
DA:46,1
DA:47,2
LF:20
LH:20
end_of_record
SF:lib/features/auth/presentation/providers/forget_password/forget_password_provider.g.dart
DA:9,1
DA:14,2
DA:15,1
DA:29,1
DA:34,2
DA:35,1
DA:48,1
DA:52,2
DA:53,1
LF:9
LH:9
end_of_record
SF:lib/features/auth/presentation/providers/forget_password/forget_password_states.dart
DA:12,1
LF:1
LH:1
end_of_record
SF:lib/shared/widgets/app_form_field.dart
DA:19,4
DA:34,4
DA:35,4
DA:41,4
DA:43,12
DA:44,4
DA:47,4
DA:49,4
DA:51,4
DA:52,8
DA:53,18
DA:54,8
DA:55,4
DA:56,12
DA:57,4
DA:59,8
DA:60,4
DA:61,12
DA:63,4
DA:64,8
DA:65,4
DA:66,8
DA:70,4
DA:71,8
DA:72,4
DA:73,8
DA:77,4
DA:78,8
DA:79,4
DA:80,8
DA:84,8
DA:85,4
DA:87,8
DA:89,8
DA:90,3
DA:91,6
DA:92,3
DA:93,6
DA:94,0
DA:95,0
DA:96,0
DA:99,3
DA:100,3
DA:101,3
DA:102,6
DA:108,8
DA:109,8
DA:110,4
DA:111,8
DA:112,8
DA:113,8
DA:114,8
LF:52
LH:49
end_of_record
SF:lib/features/auth/presentation/providers/login/login_provider.dart
DA:13,1
DA:14,1
DA:16,1
DA:18,1
DA:19,3
DA:23,1
DA:25,1
DA:26,3
DA:32,4
DA:34,1
DA:35,3
DA:36,2
DA:37,0
DA:40,2
DA:41,4
DA:42,4
DA:43,2
DA:44,1
DA:46,1
DA:47,0
DA:48,0
DA:49,0
DA:50,0
DA:51,0
DA:53,0
DA:54,0
DA:58,0
DA:60,1
DA:61,2
DA:66,1
DA:68,2
DA:69,1
LF:32
LH:23
end_of_record
SF:lib/features/auth/presentation/providers/login/login_provider.g.dart
DA:9,1
DA:13,3
DA:25,1
DA:30,2
DA:31,1
DA:44,1
DA:49,2
DA:50,1
DA:64,1
DA:68,3
LF:10
LH:10
end_of_record
SF:lib/features/auth/presentation/providers/login/login_states.dart
DA:12,0
DA:16,0
DA:20,0
LF:3
LH:0
end_of_record
SF:lib/features/auth/presentation/widgets/pin_sheet/pin_sheet.dart
DA:19,4
DA:21,4
DA:28,4
DA:29,1
DA:32,0
DA:34,0
DA:37,1
DA:39,2
DA:40,2
DA:41,1
DA:42,1
DA:43,1
DA:44,3
DA:45,1
DA:46,1
DA:55,2
DA:56,1
DA:57,3
DA:58,0
DA:59,0
DA:60,0
DA:61,0
DA:64,0
DA:74,4
DA:78,4
DA:80,4
DA:81,16
DA:82,16
DA:87,8
DA:93,4
DA:95,12
DA:96,8
DA:97,9
DA:98,1
DA:99,2
DA:100,1
DA:101,2
DA:102,1
DA:103,2
DA:105,2
DA:106,1
DA:107,3
DA:113,4
DA:115,4
DA:116,4
DA:117,4
DA:119,4
DA:126,4
DA:127,4
DA:128,4
DA:131,4
DA:132,4
DA:133,4
DA:136,8
DA:137,12
DA:138,8
DA:139,8
DA:140,12
DA:141,8
DA:143,4
DA:145,4
DA:146,4
DA:147,4
DA:149,8
DA:150,8
DA:151,4
DA:152,4
DA:153,8
DA:159,1
DA:160,1
DA:161,1
DA:163,1
DA:166,8
LF:73
LH:66
end_of_record
SF:lib/features/auth/presentation/providers/reset_password/reset_password_provider.dart
DA:11,1
DA:13,1
DA:14,3
DA:18,1
DA:20,1
DA:21,3
DA:25,1
DA:27,1
DA:32,1
DA:33,3
DA:34,1
DA:36,1
DA:39,1
DA:40,5
DA:44,2
DA:45,4
DA:46,2
DA:47,1
DA:48,2
DA:49,1
DA:50,1
DA:51,3
DA:52,3
DA:55,3
DA:57,1
DA:58,2
LF:26
LH:26
end_of_record
SF:lib/features/auth/presentation/providers/reset_password/reset_password_provider.g.dart
DA:9,1
DA:14,2
DA:15,1
DA:29,1
DA:34,2
DA:35,1
DA:49,1
DA:54,2
DA:55,1
DA:68,1
DA:72,2
DA:73,1
LF:12
LH:12
end_of_record
SF:lib/features/auth/presentation/providers/reset_password/reset_password_states.dart
DA:14,1
DA:20,1
LF:2
LH:2
end_of_record
SF:lib/shared/widgets/app_dialog.dart
DA:12,2
DA:21,2
DA:29,2
DA:32,4
DA:42,2
DA:44,2
DA:45,2
DA:46,4
DA:48,6
DA:49,2
DA:50,4
DA:51,2
DA:53,2
DA:54,2
DA:55,2
DA:56,2
DA:59,6
DA:63,2
DA:64,2
DA:65,2
DA:67,6
DA:71,2
LF:22
LH:22
end_of_record
SF:lib/shared/widgets/strong_password_validation/strong_password_validation.dart
DA:8,2
DA:10,2
DA:12,6
DA:13,4
DA:14,2
DA:16,2
DA:18,2
DA:19,4
DA:20,2
DA:21,2
DA:23,4
DA:24,2
DA:25,4
DA:31,4
DA:33,6
DA:36,8
DA:37,2
DA:39,4
DA:40,2
DA:42,8
DA:43,8
DA:49,2
DA:50,2
DA:51,2
DA:52,2
DA:55,2
DA:58,2
DA:61,4
DA:62,2
DA:64,2
DA:68,2
DA:75,2
DA:76,2
DA:79,2
DA:81,2
DA:82,2
DA:83,2
DA:84,2
LF:38
LH:38
end_of_record
SF:lib/shared/widgets/strong_password_validation/strong_password_validation_provider.dart
DA:4,6
DA:5,4
DA:14,4
DA:15,4
DA:16,4
DA:17,4
DA:19,2
DA:20,2
DA:21,4
DA:22,4
DA:23,6
DA:24,4
DA:25,2
DA:27,6
DA:29,2
DA:32,2
DA:34,4
DA:35,4
DA:36,4
DA:37,4
LF:20
LH:20
end_of_record
SF:lib/features/auth/presentation/providers/signup/signup_provider.dart
DA:11,1
DA:13,1
DA:14,2
DA:15,1
DA:20,1
DA:22,1
DA:23,2
DA:24,1
DA:29,1
DA:31,1
DA:32,2
DA:33,1
DA:38,1
DA:40,1
DA:41,2
DA:42,1
DA:47,1
DA:49,1
DA:50,2
DA:51,1
DA:56,1
DA:57,1
DA:61,4
DA:62,1
DA:64,1
DA:67,1
DA:68,5
DA:69,5
DA:70,0
DA:73,2
DA:74,2
DA:75,1
DA:76,4
DA:77,4
DA:79,9
DA:82,1
DA:83,0
DA:84,0
DA:86,1
DA:87,2
LF:40
LH:37
end_of_record
SF:lib/features/auth/presentation/providers/signup/signup_provider.g.dart
DA:9,1
DA:14,2
DA:15,1
DA:29,1
DA:34,2
DA:35,1
DA:49,1
DA:54,2
DA:55,1
DA:69,1
DA:74,2
DA:75,1
DA:89,1
DA:94,2
DA:95,1
DA:109,1
DA:113,2
DA:114,1
DA:127,1
DA:131,2
DA:132,1
LF:21
LH:21
end_of_record
SF:lib/features/auth/presentation/providers/signup/signup_states.dart
DA:12,0
DA:18,0
DA:22,0
LF:3
LH:0
end_of_record
SF:lib/features/auth/presentation/providers/auth_di.g.dart
DA:9,0
DA:13,0
DA:26,0
DA:30,0
DA:43,0
DA:47,3
DA:59,0
DA:64,0
DA:65,0
DA:79,0
DA:83,3
DA:96,0
DA:101,2
DA:102,1
DA:116,0
DA:120,0
DA:121,0
DA:134,0
DA:139,2
DA:140,1
LF:20
LH:6
end_of_record
SF:lib/features/auth/presentation/providers/auth_di.dart
DA:18,0
DA:20,0
DA:21,0
DA:22,0
DA:26,0
DA:28,0
DA:31,0
DA:33,0
DA:36,0
DA:38,0
DA:41,0
DA:43,0
DA:46,0
DA:48,0
DA:51,0
DA:53,0
DA:56,0
DA:58,0
LF:18
LH:0
end_of_record
SF:lib/features/auth/presentation/providers/logout/logout_provider.g.dart
DA:9,0
DA:13,0
LF:2
LH:0
end_of_record
SF:lib/features/auth/presentation/providers/logout/logout_provider.dart
DA:9,0
DA:11,0
DA:12,0
DA:13,0
DA:14,0
DA:15,0
DA:16,0
LF:7
LH:0
end_of_record
SF:lib/shared/providers/biometrics/biometrics_provider.dart
DA:8,0
DA:9,0
DA:11,8
DA:13,4
DA:14,2
DA:16,0
DA:17,0
DA:23,0
DA:25,0
DA:26,0
DA:29,0
DA:31,0
DA:32,0
DA:34,0
DA:36,0
DA:42,0
DA:44,0
DA:47,0
DA:52,0
LF:19
LH:3
end_of_record
SF:lib/shared/providers/biometrics/biometrics_provider.g.dart
DA:9,0
DA:13,0
DA:14,0
LF:3
LH:0
end_of_record
SF:lib/features/auth/presentation/providers/password_less_login/password_less_login_provider.dart
DA:13,0
DA:14,0
DA:16,0
DA:17,2
DA:19,4
DA:20,2
DA:23,0
DA:24,0
DA:25,0
DA:28,0
DA:29,0
DA:30,0
DA:31,0
LF:13
LH:3
end_of_record
SF:lib/features/auth/presentation/providers/password_less_login/password_less_login_provider.g.dart
DA:9,2
DA:13,6
LF:2
LH:2
end_of_record
SF:lib/features/auth/presentation/providers/password_less_login/password_less_login_states.dart
DA:8,0
DA:16,0
LF:2
LH:0
end_of_record
SF:lib/features/auth/presentation/providers/pin_provider/pin_provider.dart
DA:11,4
DA:13,4
DA:15,8
DA:16,4
DA:19,1
DA:21,2
DA:22,2
DA:23,2
DA:25,0
DA:29,1
DA:31,2
DA:32,2
DA:35,1
DA:36,2
DA:38,2
DA:41,3
LF:16
LH:15
end_of_record
SF:lib/features/auth/presentation/providers/pin_provider/pin_provider.g.dart
DA:9,4
DA:13,12
LF:2
LH:2
end_of_record
SF:lib/features/auth/presentation/providers/pin_provider/pin_states.dart
DA:14,1
LF:1
LH:1
end_of_record
SF:lib/features/auth/presentation/widgets/auth_header_image.dart
DA:6,3
DA:8,3
DA:10,9
DA:12,3
DA:16,0
DA:17,3
DA:18,6
LF:7
LH:6
end_of_record
SF:lib/features/auth/presentation/widgets/auth_login_option.dart
DA:13,1
DA:22,1
DA:24,1
DA:25,1
DA:26,1
DA:27,2
DA:29,2
DA:30,2
DA:31,1
DA:32,1
DA:33,1
DA:34,4
DA:35,2
DA:36,1
DA:37,1
DA:38,1
DA:41,2
LF:17
LH:17
end_of_record
SF:lib/features/auth/presentation/widgets/password_less_login/biometrics_login_button.dart
DA:13,0
DA:20,0
DA:22,0
DA:23,0
DA:24,0
DA:25,0
DA:26,0
DA:30,0
DA:31,0
DA:32,0
DA:34,0
DA:35,0
DA:36,0
DA:37,0
DA:38,0
DA:39,0
DA:40,0
DA:43,0
DA:45,0
DA:46,0
LF:20
LH:0
end_of_record
SF:lib/shared/providers/biometrics/biometrics_states.dart
DA:14,0
LF:1
LH:0
end_of_record
SF:lib/features/auth/presentation/widgets/password_less_login/pin_login_button.dart
DA:12,0
DA:19,0
DA:20,0
DA:24,0
DA:26,0
DA:27,0
DA:28,0
DA:29,0
DA:30,0
DA:31,0
DA:32,0
DA:34,0
LF:12
LH:0
end_of_record
SF:lib/features/home/data/models/home_model.dart
DA:7,0
DA:16,0
DA:17,0
DA:19,0
DA:20,0
DA:21,0
DA:22,0
DA:23,0
DA:26,0
DA:27,0
DA:28,0
DA:29,0
DA:30,0
DA:32,0
DA:33,0
DA:37,0
DA:38,0
DA:39,0
LF:18
LH:0
end_of_record
SF:lib/features/home/data/datasource/home_remote_datasource.dart
DA:8,0
DA:10,0
DA:12,0
DA:13,0
LF:4
LH:0
end_of_record
SF:lib/features/home/domain/entities/home_entity.dart
DA:14,0
DA:23,0
DA:24,0
LF:3
LH:0
end_of_record
SF:lib/shared/models/investment_history_model.dart
DA:4,1
DA:10,1
DA:11,1
DA:12,1
DA:13,3
DA:14,3
DA:18,1
DA:19,4
LF:8
LH:8
end_of_record
SF:lib/shared/models/investment_model.dart
DA:4,1
DA:12,1
DA:13,1
DA:14,1
DA:15,1
DA:16,1
DA:17,1
DA:18,1
DA:22,1
DA:23,1
DA:24,1
DA:25,1
DA:26,1
DA:27,1
DA:28,1
LF:15
LH:15
end_of_record
SF:lib/features/home/data/repositories/home_repo_impl.dart
DA:12,0
DA:14,0
DA:17,0
DA:18,0
DA:19,0
DA:20,0
DA:22,0
DA:23,0
DA:24,0
LF:9
LH:0
end_of_record
SF:lib/shared/entities/investment_entity.dart
DA:10,2
DA:18,1
DA:19,6
LF:3
LH:3
end_of_record
SF:lib/shared/entities/investment_history_entity.dart
DA:8,2
DA:14,1
DA:15,4
LF:3
LH:3
end_of_record
SF:lib/features/home/domain/usecases/home_usecase.dart
DA:10,0
DA:12,0
DA:14,0
LF:3
LH:0
end_of_record
SF:lib/features/home/home_di.g.dart
DA:9,0
DA:13,0
DA:26,0
DA:30,0
DA:43,0
DA:47,0
LF:6
LH:0
end_of_record
SF:lib/features/home/home_di.dart
DA:12,0
DA:14,0
DA:17,0
DA:19,0
DA:22,0
DA:24,0
LF:6
LH:0
end_of_record
SF:lib/features/home/presentation/provider/home_provider.g.dart
DA:9,0
DA:13,3
LF:2
LH:1
end_of_record
SF:lib/features/home/presentation/provider/home_provider.dart
DA:9,0
DA:11,0
DA:12,0
DA:13,0
LF:4
LH:0
end_of_record
SF:lib/features/home/presentation/widgets/home_header.dart
DA:12,0
DA:14,0
DA:16,0
DA:17,0
DA:18,0
DA:20,0
DA:21,0
DA:22,0
DA:23,0
DA:24,0
DA:25,0
DA:28,0
DA:29,0
DA:30,0
DA:31,0
DA:33,0
DA:34,0
DA:35,0
DA:36,0
DA:37,0
DA:38,0
DA:39,0
DA:40,0
DA:41,0
DA:44,0
DA:45,0
DA:46,0
DA:47,0
DA:48,0
DA:49,0
DA:50,0
DA:51,0
DA:52,0
LF:33
LH:0
end_of_record
SF:lib/features/home/presentation/widgets/investment_opportunities.dart
DA:12,0
DA:14,0
DA:16,0
DA:18,0
DA:19,0
DA:20,0
DA:21,0
DA:23,0
DA:24,0
DA:26,0
DA:27,0
DA:28,0
DA:29,0
DA:30,0
DA:31,0
DA:35,0
DA:36,0
DA:37,0
DA:38,0
DA:39,0
DA:41,0
LF:21
LH:0
end_of_record
SF:lib/features/home/presentation/widgets/investment_summary.dart
DA:13,0
DA:21,0
DA:23,0
DA:25,0
DA:26,0
DA:27,0
DA:28,0
DA:30,0
DA:31,0
DA:32,0
DA:33,0
DA:34,0
DA:35,0
DA:36,0
LF:14
LH:0
end_of_record
SF:lib/features/home/presentation/widgets/quick_action.dart
DA:9,0
DA:11,0
DA:13,0
DA:15,0
DA:16,0
DA:17,0
DA:18,0
DA:20,0
DA:21,0
DA:22,0
DA:23,0
DA:24,0
DA:26,0
DA:27,0
DA:28,0
DA:31,0
DA:32,0
DA:33,0
DA:35,0
DA:36,0
DA:37,0
DA:42,0
DA:43,0
DA:44,0
DA:45,0
DA:46,0
DA:48,0
DA:49,0
DA:50,0
DA:53,0
DA:54,0
DA:55,0
DA:57,0
DA:58,0
DA:59,0
DA:68,0
DA:74,0
DA:75,0
DA:77,0
DA:78,0
DA:79,0
DA:80,0
DA:81,0
DA:86,0
DA:87,0
DA:91,0
DA:92,0
DA:93,0
DA:95,0
DA:96,0
DA:98,0
DA:99,0
DA:100,0
DA:102,0
LF:54
LH:0
end_of_record
SF:lib/shared/widgets/app_error.dart
DA:12,1
DA:14,1
DA:17,4
DA:18,1
DA:19,1
DA:21,1
DA:22,2
DA:23,1
DA:24,1
DA:25,1
DA:26,2
DA:30,2
DA:31,1
DA:32,2
DA:33,1
DA:39,2
DA:40,2
DA:41,1
DA:42,2
DA:43,1
DA:44,1
DA:45,2
DA:46,3
LF:23
LH:23
end_of_record
SF:lib/features/home/presentation/widgets/investment_chart.dart
DA:14,0
DA:20,0
DA:21,0
DA:22,0
DA:23,0
DA:30,0
DA:32,0
DA:33,0
DA:35,0
DA:36,0
DA:37,0
DA:38,0
DA:41,0
DA:44,0
DA:45,0
DA:47,0
DA:48,0
DA:51,0
DA:52,0
DA:55,0
DA:56,0
DA:57,0
DA:58,0
DA:59,0
DA:62,0
DA:63,0
DA:67,0
DA:68,0
DA:69,0
DA:70,0
DA:71,0
DA:72,0
DA:73,0
DA:75,0
DA:78,0
DA:79,0
DA:80,0
DA:81,0
DA:82,0
DA:83,0
DA:84,0
DA:89,0
DA:91,0
DA:92,0
DA:93,0
DA:94,0
DA:96,0
DA:98,0
DA:99,0
DA:100,0
DA:101,0
DA:104,0
DA:107,0
DA:108,0
DA:109,0
DA:110,0
DA:112,0
DA:113,0
DA:114,0
DA:115,0
DA:118,0
DA:130,0
LF:62
LH:0
end_of_record
SF:lib/features/home/presentation/widgets/investment_summary_card.dart
DA:6,0
DA:8,0
DA:10,0
DA:11,0
DA:13,0
DA:14,0
DA:15,0
DA:18,0
DA:24,0
DA:25,0
LF:10
LH:0
end_of_record
SF:lib/shared/widgets/investment_card.dart
DA:12,0
DA:14,0
DA:16,0
DA:17,0
DA:18,0
DA:19,0
DA:21,0
DA:23,0
DA:24,0
DA:25,0
DA:26,0
DA:27,0
DA:29,0
DA:30,0
DA:31,0
DA:33,0
DA:37,0
DA:39,0
DA:40,0
DA:41,0
DA:42,0
DA:43,0
DA:45,0
DA:46,0
DA:48,0
DA:53,0
DA:54,0
DA:55,0
DA:56,0
DA:58,0
DA:59,0
DA:60,0
DA:61,0
DA:62,0
DA:64,0
DA:68,0
DA:69,0
DA:70,0
DA:71,0
DA:72,0
DA:74,0
DA:77,0
DA:78,0
DA:79,0
DA:80,0
DA:81,0
DA:82,0
DA:83,0
DA:85,0
DA:86,0
DA:89,0
DA:90,0
DA:91,0
DA:92,0
LF:54
LH:0
end_of_record
SF:lib/features/home/presentation/widgets/investment_portfolio.dart
DA:10,0
DA:12,0
DA:14,0
DA:15,0
DA:16,0
DA:17,0
DA:18,0
DA:19,0
DA:20,0
DA:21,0
DA:23,0
DA:24,0
DA:25,0
DA:26,0
DA:28,0
DA:32,0
DA:33,0
DA:34,0
DA:35,0
DA:36,0
DA:37,0
LF:21
LH:0
end_of_record
SF:lib/features/search/data/datasource/search_remote_datasource.dart
DA:8,0
DA:10,0
DA:12,0
DA:13,0
DA:14,0
DA:15,0
LF:6
LH:0
end_of_record
SF:lib/features/search/data/repositories/search_repo_impl.dart
DA:10,0
DA:12,0
DA:15,0
DA:16,0
DA:17,0
DA:18,0
DA:19,0
DA:20,0
LF:8
LH:0
end_of_record
SF:lib/features/search/domain/usecases/get_all_investments_usecase.dart
DA:11,0
DA:12,0
DA:14,0
LF:3
LH:0
end_of_record
SF:lib/features/search/presentation/provider/search_provider.g.dart
DA:9,0
DA:13,0
DA:14,0
LF:3
LH:0
end_of_record
SF:lib/features/search/presentation/provider/search_provider.dart
DA:9,0
DA:12,0
DA:13,0
DA:14,0
LF:4
LH:0
end_of_record
SF:lib/features/search/presentation/widgets/investments_search.dart
DA:9,0
DA:11,0
DA:13,0
DA:14,0
DA:15,0
DA:16,0
DA:17,0
DA:18,0
DA:19,0
DA:20,0
DA:21,0
DA:22,0
DA:23,0
DA:24,0
DA:25,0
DA:32,0
DA:33,0
DA:34,0
DA:36,0
DA:39,0
DA:41,0
DA:42,0
DA:43,0
DA:46,0
DA:47,0
DA:48,0
DA:50,0
DA:54,0
DA:55,0
DA:56,0
DA:57,0
DA:58,0
DA:59,0
DA:60,0
DA:61,0
DA:62,0
DA:69,0
DA:70,0
DA:71,0
DA:72,0
DA:74,0
DA:75,0
DA:76,0
DA:78,0
LF:44
LH:0
end_of_record
SF:lib/features/search/search_di.g.dart
DA:9,0
DA:13,0
DA:26,0
DA:30,0
DA:43,0
DA:48,0
DA:49,0
LF:7
LH:0
end_of_record
SF:lib/features/search/search_di.dart
DA:12,0
DA:14,0
DA:16,0
DA:18,0
DA:20,0
DA:22,0
LF:6
LH:0
end_of_record
SF:lib/shared/widgets/change_lang/change_lang_sheet.dart
DA:9,1
DA:10,1
DA:12,1
DA:16,16
DA:18,1
DA:20,1
DA:26,1
DA:29,2
DA:30,1
DA:31,3
DA:32,1
DA:33,4
DA:34,2
DA:35,2
DA:36,2
DA:40,1
LF:16
LH:16
end_of_record
SF:lib/features/splash/presentation/provider/splash_provider.dart
DA:9,0
DA:10,0
DA:15,0
DA:16,0
DA:18,0
DA:20,0
DA:21,0
DA:24,0
DA:26,0
DA:27,0
DA:28,0
DA:30,0
LF:12
LH:0
end_of_record
SF:lib/features/splash/presentation/provider/splash_states.dart
DA:8,0
DA:14,0
LF:2
LH:0
end_of_record
SF:lib/gen/l10n/app_localizations_ar.dart
DA:9,2
DA:11,0
DA:14,0
DA:17,0
DA:20,0
DA:23,0
DA:26,0
DA:29,0
DA:32,0
DA:35,0
DA:38,0
DA:41,0
DA:44,0
DA:47,0
DA:49,0
DA:52,0
DA:54,0
DA:57,0
DA:60,0
DA:63,0
DA:66,0
DA:69,0
DA:72,0
DA:74,0
DA:77,0
DA:80,0
DA:83,0
DA:86,0
DA:89,0
DA:92,0
DA:95,0
DA:98,0
DA:101,0
DA:104,0
DA:107,0
DA:110,0
DA:113,0
DA:116,0
DA:119,0
DA:122,0
DA:125,0
DA:128,0
DA:131,0
DA:134,0
DA:137,0
DA:140,0
DA:143,0
DA:146,0
DA:149,0
DA:152,0
DA:155,0
DA:158,0
DA:161,0
DA:164,0
DA:167,0
DA:170,0
DA:172,0
DA:175,0
DA:178,0
DA:181,0
DA:184,0
DA:187,0
DA:190,0
DA:193,0
DA:196,0
DA:199,0
DA:202,0
DA:205,0
DA:208,0
DA:211,0
DA:214,0
DA:217,0
DA:220,0
DA:223,0
DA:226,0
DA:229,0
DA:232,0
DA:235,0
DA:238,0
DA:241,0
DA:244,0
DA:247,0
DA:250,0
DA:253,0
LF:84
LH:1
end_of_record
SF:lib/gen/l10n/app_localizations_en.dart
DA:9,20
DA:11,1
DA:14,0
DA:17,0
DA:20,0
DA:23,1
DA:26,0
DA:29,1
DA:32,1
DA:35,1
DA:38,0
DA:41,0
DA:44,1
DA:47,3
DA:49,3
DA:52,1
DA:54,1
DA:57,3
DA:60,3
DA:63,1
DA:66,1
DA:69,3
DA:72,4
DA:74,4
DA:77,2
DA:80,2
DA:83,2
DA:86,2
DA:89,2
DA:92,2
DA:95,1
DA:98,1
DA:101,1
DA:104,2
DA:107,1
DA:110,1
DA:113,1
DA:116,1
DA:119,1
DA:122,1
DA:125,1
DA:128,0
DA:131,0
DA:134,1
DA:137,1
DA:140,1
DA:143,1
DA:146,1
DA:149,1
DA:152,1
DA:155,0
DA:158,0
DA:161,0
DA:164,0
DA:167,0
DA:170,0
DA:172,0
DA:175,0
DA:178,0
DA:181,0
DA:184,0
DA:187,0
DA:190,0
DA:193,0
DA:196,0
DA:199,0
DA:202,0
DA:205,0
DA:208,0
DA:211,0
DA:214,0
DA:217,0
DA:220,1
DA:223,1
DA:226,1
DA:229,1
DA:232,1
DA:235,4
DA:238,0
DA:241,1
DA:244,1
DA:247,0
DA:250,0
DA:253,0
LF:84
LH:50
end_of_record
SF:lib/shared/widgets/bottom_nav.dart
DA:10,0
DA:12,0
DA:13,0
DA:17,0
DA:19,0
DA:20,0
DA:21,0
DA:22,0
DA:23,0
DA:25,0
DA:28,0
DA:29,0
DA:30,0
DA:32,0
DA:33,0
DA:34,0
DA:35,0
DA:37,0
DA:39,0
DA:40,0
DA:41,0
DA:42,0
DA:43,0
DA:44,0
DA:47,0
DA:53,0
DA:54,0
DA:55,0
DA:56,0
DA:57,0
DA:61,0
DA:62,0
DA:63,0
DA:64,0
DA:66,0
DA:67,0
DA:68,0
DA:70,0
DA:71,0
DA:74,0
DA:75,0
DA:76,0
DA:77,0
DA:79,0
DA:93,0
DA:94,0
DA:95,0
DA:96,0
DA:97,0
DA:98,0
DA:99,0
DA:100,0
DA:104,0
DA:105,0
DA:106,0
DA:107,0
DA:108,0
DA:109,0
DA:113,0
DA:114,0
DA:115,0
DA:116,0
DA:117,0
DA:118,0
DA:122,0
DA:123,0
DA:124,0
DA:125,0
DA:126,0
DA:127,0
DA:132,0
LF:71
LH:0
end_of_record
SF:lib/shared/widgets/pdf_sheet.dart
DA:9,0
DA:10,0
DA:13,0
DA:14,0
DA:15,0
DA:17,0
DA:21,0
DA:23,0
DA:25,0
DA:26,0
DA:27,0
DA:28,0
DA:30,0
DA:32,0
DA:33,0
DA:34,0
DA:35,0
DA:36,0
DA:39,0
DA:40,0
DA:41,0
DA:42,0
DA:45,0
DA:46,0
DA:47,0
DA:51,0
DA:52,0
DA:53,0
DA:55,0
DA:56,0
DA:58,0
DA:59,0
LF:32
LH:0
end_of_record
