TN:
SF:lib/config/extensions.dart
FNF:0
FNH:0
DA:5,1
DA:6,4
DA:8,3
DA:9,1
DA:10,1
DA:11,1
DA:13,1
DA:14,1
DA:16,1
DA:17,1
DA:19,1
DA:20,1
DA:22,1
DA:23,1
DA:25,1
DA:26,1
DA:28,1
DA:29,1
DA:31,1
DA:32,1
DA:34,1
DA:35,1
DA:37,1
DA:38,1
DA:41,2
LF:25
LH:25
end_of_record
TN:
SF:lib/core/api/api_provider.dart
FNF:0
FNH:0
DA:15,1
DA:17,1
DA:18,1
DA:19,2
DA:20,0
DA:23,3
DA:24,1
DA:32,3
DA:33,3
DA:38,1
DA:40,3
LF:11
LH:10
end_of_record
TN:
SF:lib/core/api/api_provider.g.dart
FNF:0
FNH:0
DA:9,1
DA:13,6
DA:25,1
DA:29,3
LF:4
LH:4
end_of_record
TN:
SF:lib/core/api/dio_api_helper.dart
FNF:0
FNH:0
DA:10,2
DA:12,1
DA:14,1
DA:17,1
DA:20,1
DA:21,1
DA:23,1
DA:26,2
DA:31,1
DA:33,1
DA:34,4
DA:38,1
DA:44,1
DA:45,4
DA:49,1
DA:55,1
DA:56,4
DA:60,1
DA:62,1
DA:63,4
DA:68,1
DA:69,3
DA:70,3
DA:71,1
DA:73,2
DA:74,2
DA:75,1
DA:76,1
DA:81,1
DA:83,1
DA:84,1
DA:87,1
DA:90,1
DA:93,1
DA:95,5
DA:97,1
DA:104,1
DA:106,2
LF:38
LH:38
end_of_record
TN:
SF:lib/core/api/language_interceptor.dart
FNF:0
FNH:0
DA:7,2
DA:9,1
DA:11,4
DA:12,1
LF:4
LH:4
end_of_record
TN:
SF:lib/core/api/token_interceptor.dart
FNF:0
FNH:0
DA:8,2
DA:10,1
DA:15,2
DA:17,3
DA:19,1
LF:5
LH:5
end_of_record
TN:
SF:lib/core/cache/cache_provider.dart
FNF:0
FNH:0
DA:5,2
DA:6,1
DA:8,11
DA:9,2
LF:4
LH:4
end_of_record
TN:
SF:lib/core/cache/secure_cache_helper.dart
FNF:0
FNH:0
DA:8,2
DA:11,1
DA:12,2
DA:15,1
DA:16,3
DA:17,3
DA:21,1
DA:22,2
DA:25,1
DA:26,2
DA:29,2
DA:33,4
DA:35,1
DA:40,1
DA:42,2
DA:43,2
DA:45,2
DA:46,4
DA:52,1
DA:56,2
DA:58,1
DA:63,1
DA:68,1
DA:69,2
DA:71,1
DA:75,1
DA:79,1
DA:80,1
DA:82,1
DA:84,1
DA:89,1
DA:91,1
DA:93,1
DA:94,2
DA:96,1
LF:35
LH:35
end_of_record
TN:
SF:lib/core/errors/base.dart
FNF:0
FNH:0
DA:9,2
DA:11,1
DA:12,2
DA:14,1
DA:17,1
DA:18,1
DA:23,2
DA:29,2
DA:34,1
DA:39,1
LF:10
LH:10
end_of_record
TN:
SF:lib/core/locale/locale_extensions.dart
FNF:0
FNH:0
DA:5,2
LF:1
LH:1
end_of_record
TN:
SF:lib/core/locale/locale_provider.dart
FNF:0
FNH:0
DA:7,6
DA:12,2
DA:13,6
DA:15,2
DA:17,2
DA:21,2
DA:24,4
DA:26,6
DA:27,4
DA:31,1
DA:32,1
DA:33,3
LF:12
LH:12
end_of_record
TN:
SF:lib/core/theme/base.dart
FNF:0
FNH:0
DA:9,1
LF:1
LH:1
end_of_record
TN:
SF:lib/core/theme/light.dart
FNF:0
FNH:0
DA:6,1
DA:7,1
DA:25,2
DA:27,3
DA:28,1
DA:29,1
DA:31,1
LF:7
LH:7
end_of_record
TN:
SF:lib/features/auth/data/datasource/auth_remote_datasource.dart
FNF:0
FNH:0
DA:11,1
DA:13,1
DA:15,2
DA:17,1
DA:19,3
DA:20,1
DA:25,1
DA:27,2
DA:29,1
DA:31,3
DA:32,1
DA:37,1
DA:43,2
DA:45,1
DA:47,3
DA:48,1
DA:53,1
DA:55,3
DA:58,1
DA:60,2
DA:62,1
DA:64,3
DA:68,1
DA:70,2
DA:72,1
DA:74,3
DA:75,1
DA:80,1
DA:81,2
DA:82,2
DA:83,2
DA:84,3
DA:85,3
DA:86,2
DA:88,1
LF:35
LH:35
end_of_record
TN:
SF:lib/features/auth/data/models/auth_response_model.dart
FNF:0
FNH:0
DA:4,1
DA:10,1
DA:11,1
DA:12,1
DA:13,1
DA:14,1
LF:6
LH:6
end_of_record
TN:
SF:lib/features/auth/domain/entities/auth_response_entity.dart
FNF:0
FNH:0
DA:8,1
DA:14,1
DA:15,4
LF:3
LH:3
end_of_record
